-------------------------------------------------------------------------------
Test set: runners.Runner
-------------------------------------------------------------------------------
Tests run: 3, Failures: 1, Errors: 0, Skipped: 0, Time elapsed: 29.953 s <<< FAILURE! - in runners.Runner
Validate Wiki search(Wiki search Functionality)  Time elapsed: 9.458 s  <<< FAILURE!
java.lang.AssertionError

